Driver Info:
	Driver name      : uvcvideo
	Card type        : USB2.0 HD UVC WebCam: USB2.0 HD
	Bus info         : usb-0000:00:1a.0-1.3
	Driver version   : 5.8.18
	Capabilities     : 0x84a00001
		Video Capture
		Metadata Capture
		Streaming
		Extended Pix Format
		Device Capabilities
	Device Caps      : 0x04200001
		Video Capture
		Streaming
		Extended Pix Format
Media Driver Info:
	Driver name      : uvcvideo
	Model            : USB2.0 HD UVC WebCam: USB2.0 HD
	Serial           : 
	Bus info         : usb-0000:00:1a.0-1.3
	Media version    : 5.8.18
	Hardware revision: 0x00007570 (30064)
	Driver version   : 5.8.18
Interface Info:
	ID               : 0x03000002
	Type             : V4L Video
Entity Info:
	ID               : 0x00000001 (1)
	Name             : USB2.0 HD UVC WebCam: USB2.0 HD
	Function         : V4L2 I/O
	Flags         : default
	Pad 0x01000007   : 0: Sink
	  Link 0x02000010: from remote pad 0x100000a of entity 'Processing 2': Data, Enabled, Immutable
Priority: 2
Video input : 0 (Camera 1: ok)
Format Video Capture:
	Width/Height      : 640/480
	Pixel Format      : 'YUYV' (YUYV 4:2:2)
	Field             : None
	Bytes per Line    : 1280
	Size Image        : 614400
	Colorspace        : sRGB
	Transfer Function : Default (maps to sRGB)
	YCbCr/HSV Encoding: Default (maps to ITU-R 601)
	Quantization      : Default (maps to Limited Range)
	Flags             : 
Crop Capability Video Capture:
	Bounds      : Left 0, Top 0, Width 640, Height 480
	Default     : Left 0, Top 0, Width 640, Height 480
	Pixel Aspect: 1/1
Selection Video Capture: crop_default, Left 0, Top 0, Width 640, Height 480, Flags: 
Selection Video Capture: crop_bounds, Left 0, Top 0, Width 640, Height 480, Flags: 
Streaming Parameters Video Capture:
	Capabilities     : timeperframe
	Frames per second: 30.000 (30/1)
	Read buffers     : 0
                     brightness 0x00980900 (int)    : min=-127 max=128 step=1 default=0 value=0
                       contrast 0x00980901 (int)    : min=0 max=30 step=1 default=17 value=17
                     saturation 0x00980902 (int)    : min=0 max=127 step=1 default=69 value=69
                            hue 0x00980903 (int)    : min=-180 max=180 step=1 default=0 value=0
 white_balance_temperature_auto 0x0098090c (bool)   : default=1 value=1
                          gamma 0x00980910 (int)    : min=50 max=160 step=1 default=100 value=100
                           gain 0x00980913 (int)    : min=0 max=10 step=1 default=0 value=0
           power_line_frequency 0x00980918 (menu)   : min=0 max=2 default=2 value=2
				0: Disabled
				1: 50 Hz
				2: 60 Hz
      white_balance_temperature 0x0098091a (int)    : min=2500 max=7000 step=1 default=5000 value=5000 flags=inactive
                      sharpness 0x0098091b (int)    : min=0 max=60 step=1 default=10 value=10
         backlight_compensation 0x0098091c (int)    : min=0 max=2 step=1 default=0 value=0
         exposure_auto_priority 0x009a0903 (bool)   : default=0 value=1
