Driver Info:
	Driver name      : uvcvideo
	Card type        : USB2.0 HD UVC WebCam: USB2.0 HD
	Bus info         : usb-0000:00:1a.0-1.3
	Driver version   : 5.8.18
	Capabilities     : 0x84a00001
		Video Capture
		Metadata Capture
		Streaming
		Extended Pix Format
		Device Capabilities
	Device Caps      : 0x04200001
		Video Capture
		Streaming
		Extended Pix Format
Media Driver Info:
	Driver name      : uvcvideo
	Model            : USB2.0 HD UVC WebCam: USB2.0 HD
	Serial           : 
	Bus info         : usb-0000:00:1a.0-1.3
	Media version    : 5.8.18
	Hardware revision: 0x00007570 (30064)
	Driver version   : 5.8.18
Interface Info:
	ID               : 0x03000002
	Type             : V4L Video
Entity Info:
	ID               : 0x00000001 (1)
	Name             : USB2.0 HD UVC WebCam: USB2.0 HD
	Function         : V4L2 I/O
	Flags         : default
	Pad 0x01000007   : 0: Sink
	  Link 0x02000010: from remote pad 0x100000a of entity 'Processing 2': Data, Enabled, Immutable
ioctl: VIDIOC_ENUM_FMT
	Type: Video Capture

	[0]: 'YUYV' (YUYV 4:2:2)
		Size: Discrete 640x480
			Interval: Discrete 0.033s (30.000 fps)
			Interval: Discrete 0.067s (15.000 fps)
			Interval: Discrete 0.033s (30.000 fps)
			Interval: Discrete 0.067s (15.000 fps)
		Size: Discrete 160x120
			Interval: Discrete 0.033s (30.000 fps)
			Interval: Discrete 0.067s (15.000 fps)
		Size: Discrete 176x144
			Interval: Discrete 0.033s (30.000 fps)
			Interval: Discrete 0.067s (15.000 fps)
		Size: Discrete 320x240
			Interval: Discrete 0.033s (30.000 fps)
			Interval: Discrete 0.067s (15.000 fps)
		Size: Discrete 352x288
			Interval: Discrete 0.033s (30.000 fps)
			Interval: Discrete 0.067s (15.000 fps)
		Size: Discrete 1280x720
			Interval: Discrete 0.100s (10.000 fps)
		Size: Discrete 640x480
			Interval: Discrete 0.033s (30.000 fps)
			Interval: Discrete 0.067s (15.000 fps)
			Interval: Discrete 0.033s (30.000 fps)
			Interval: Discrete 0.067s (15.000 fps)
	[1]: 'MJPG' (Motion-JPEG, compressed)
		Size: Discrete 640x480
			Interval: Discrete 0.033s (30.000 fps)
			Interval: Discrete 0.067s (15.000 fps)
			Interval: Discrete 0.033s (30.000 fps)
			Interval: Discrete 0.067s (15.000 fps)
		Size: Discrete 160x120
			Interval: Discrete 0.033s (30.000 fps)
			Interval: Discrete 0.067s (15.000 fps)
		Size: Discrete 176x144
			Interval: Discrete 0.033s (30.000 fps)
			Interval: Discrete 0.067s (15.000 fps)
		Size: Discrete 320x240
			Interval: Discrete 0.033s (30.000 fps)
			Interval: Discrete 0.067s (15.000 fps)
		Size: Discrete 352x288
			Interval: Discrete 0.033s (30.000 fps)
			Interval: Discrete 0.067s (15.000 fps)
		Size: Discrete 1280x720
			Interval: Discrete 0.033s (30.000 fps)
			Interval: Discrete 0.067s (15.000 fps)
		Size: Discrete 640x480
			Interval: Discrete 0.033s (30.000 fps)
			Interval: Discrete 0.067s (15.000 fps)
			Interval: Discrete 0.033s (30.000 fps)
			Interval: Discrete 0.067s (15.000 fps)
