Driver Info (not using libv4l2):
	Driver name   : uvcvideo
	Card type     : C922 Pro Stream Webcam
	Bus info      : usb-70090000.xusb-2.4
	Driver version: 4.9.201
	Capabilities  : 0x84200001
		Video Capture
		Streaming
		Extended Pix Format
		Device Capabilities
	Device Caps   : 0x04200001
		Video Capture
		Streaming
		Extended Pix Format
Priority: 2
Video input : 0 (Camera 1: ok)
Format Video Capture:
	Width/Height      : 640/480
	Pixel Format      : 'YUYV'
	Field             : None
	Bytes per Line    : 1280
	Size Image        : 614400
	Colorspace        : sRGB
	Transfer Function : Default (maps to sRGB)
	YCbCr/HSV Encoding: Default (maps to ITU-R 601)
	Quantization      : Default (maps to Limited Range)
	Flags             : 
Crop Capability Video Capture:
	Bounds      : Left 0, Top 0, Width 640, Height 480
	Default     : Left 0, Top 0, Width 640, Height 480
	Pixel Aspect: 1/1
Selection: crop_default, Left 0, Top 0, Width 640, Height 480
Selection: crop_bounds, Left 0, Top 0, Width 640, Height 480
Streaming Parameters Video Capture:
	Capabilities     : timeperframe
	Frames per second: 30.000 (30/1)
	Read buffers     : 0
                     brightness 0x00980900 (int)    : min=0 max=255 step=1 default=128 value=128
                       contrast 0x00980901 (int)    : min=0 max=255 step=1 default=128 value=128
                     saturation 0x00980902 (int)    : min=0 max=255 step=1 default=128 value=128
 white_balance_temperature_auto 0x0098090c (bool)   : default=1 value=1
                           gain 0x00980913 (int)    : min=0 max=255 step=1 default=0 value=0
           power_line_frequency 0x00980918 (menu)   : min=0 max=2 default=2 value=2
				0: Disabled
				1: 50 Hz
				2: 60 Hz
      white_balance_temperature 0x0098091a (int)    : min=2000 max=6500 step=1 default=4000 value=4000 flags=inactive
                      sharpness 0x0098091b (int)    : min=0 max=255 step=1 default=128 value=128
         backlight_compensation 0x0098091c (int)    : min=0 max=1 step=1 default=0 value=0
                  exposure_auto 0x009a0901 (menu)   : min=0 max=3 default=3 value=3
				1: Manual Mode
				3: Aperture Priority Mode
              exposure_absolute 0x009a0902 (int)    : min=3 max=2047 step=1 default=250 value=250 flags=inactive
         exposure_auto_priority 0x009a0903 (bool)   : default=0 value=1
                   pan_absolute 0x009a0908 (int)    : min=-36000 max=36000 step=3600 default=0 value=0
                  tilt_absolute 0x009a0909 (int)    : min=-36000 max=36000 step=3600 default=0 value=0
                 focus_absolute 0x009a090a (int)    : min=0 max=250 step=5 default=0 value=0 flags=inactive
                     focus_auto 0x009a090c (bool)   : default=1 value=1
                  zoom_absolute 0x009a090d (int)    : min=100 max=500 step=1 default=100 value=100
